{
  "Cucumber Features": {
    "coverage": {
      "/Users/harryg/Projects/Columbia/classes/ESaaS/ESaaS-Project-iter1-submission/app/models/room.rb": {
        "lines": [
          1,
          1,
          54,
          1,
          1,
          27,
          null,
          1,
          26,
          null,
          null,
          1,
          9,
          9,
          18,
          null,
          9,
          null,
          null
        ]
      },
      "/Users/harryg/Projects/Columbia/classes/ESaaS/ESaaS-Project-iter1-submission/app/models/application_record.rb": {
        "lines": [
          1,
          1,
          null
        ]
      },
      "/Users/harryg/Projects/Columbia/classes/ESaaS/ESaaS-Project-iter1-submission/app/controllers/application_controller.rb": {
        "lines": [
          1,
          1,
          null,
          1,
          304,
          278,
          null,
          null,
          null,
          1,
          31,
          31,
          31,
          null,
          null,
          1,
          0,
          null,
          null,
          1,
          0,
          0,
          null,
          null
        ]
      },
      "/Users/harryg/Projects/Columbia/classes/ESaaS/ESaaS-Project-iter1-submission/app/helpers/application_helper.rb": {
        "lines": [
          1,
          null
        ]
      },
      "/Users/harryg/Projects/Columbia/classes/ESaaS/ESaaS-Project-iter1-submission/app/helpers/rooms_helper.rb": {
        "lines": [
          1,
          null
        ]
      },
      "/Users/harryg/Projects/Columbia/classes/ESaaS/ESaaS-Project-iter1-submission/app/models/user.rb": {
        "lines": [
          1,
          1,
          1,
          54,
          1,
          42,
          null,
          null
        ]
      },
      "/Users/harryg/Projects/Columbia/classes/ESaaS/ESaaS-Project-iter1-submission/app/controllers/sessions_controller.rb": {
        "lines": [
          1,
          null,
          1,
          31,
          31,
          0,
          0,
          0,
          null,
          null,
          31,
          31,
          null,
          null,
          null,
          31,
          31,
          31,
          null,
          0,
          null,
          null,
          null,
          1,
          0,
          0,
          null,
          null,
          null,
          null,
          1,
          2,
          2,
          null,
          null,
          null
        ]
      },
      "/Users/harryg/Projects/Columbia/classes/ESaaS/ESaaS-Project-iter1-submission/app/controllers/rooms_controller.rb": {
        "lines": [
          1,
          1,
          31,
          31,
          31,
          31,
          31,
          31,
          31,
          31,
          78,
          78,
          78,
          78,
          78,
          78,
          78,
          null,
          null,
          31,
          null,
          0,
          null,
          31,
          31,
          null,
          null,
          1,
          1,
          null,
          1,
          1,
          1,
          null,
          0,
          0,
          null,
          null,
          1,
          null,
          null,
          1,
          10,
          10,
          10,
          10,
          10,
          10,
          10,
          null,
          10,
          null,
          null
        ]
      },
      "/Users/harryg/Projects/Columbia/classes/ESaaS/ESaaS-Project-iter1-submission/app/models/message.rb": {
        "lines": [
          1,
          1,
          1,
          6,
          1,
          null,
          1,
          5,
          3,
          3,
          null,
          null,
          null
        ]
      },
      "/Users/harryg/Projects/Columbia/classes/ESaaS/ESaaS-Project-iter1-submission/app/controllers/messages_controller.rb": {
        "lines": [
          1,
          1,
          5,
          5,
          null,
          null,
          1,
          null,
          1,
          5,
          null,
          null
        ]
      },
      "/Users/harryg/Projects/Columbia/classes/ESaaS/ESaaS-Project-iter1-submission/app/controllers/users_controller.rb": {
        "lines": [
          1,
          1,
          12,
          12,
          12,
          12,
          12,
          12,
          12,
          12,
          12,
          null,
          12,
          null,
          null,
          1,
          null,
          1,
          1,
          1,
          null,
          null,
          1,
          1,
          null,
          null,
          1,
          1,
          12,
          12,
          null,
          null,
          null,
          null,
          null
        ]
      },
      "/Users/harryg/Projects/Columbia/classes/ESaaS/ESaaS-Project-iter1-submission/app/models/participant.rb": {
        "lines": [
          1,
          1,
          1,
          null
        ]
      }
    },
    "timestamp": 1637171400
  },
  "RSpec": {
    "coverage": {
      "/Users/harryg/Projects/Columbia/classes/ESaaS/ESaaS-Project-iter1-submission/app/helpers/application_helper.rb": {
        "lines": [
          1,
          null
        ]
      },
      "/Users/harryg/Projects/Columbia/classes/ESaaS/ESaaS-Project-iter1-submission/app/helpers/rooms_helper.rb": {
        "lines": [
          1,
          null
        ]
      },
      "/Users/harryg/Projects/Columbia/classes/ESaaS/ESaaS-Project-iter1-submission/app/controllers/rooms_controller.rb": {
        "lines": [
          1,
          1,
          0,
          0,
          0,
          0,
          0,
          0,
          0,
          0,
          0,
          0,
          0,
          0,
          0,
          0,
          0,
          null,
          null,
          0,
          null,
          0,
          null,
          0,
          0,
          null,
          null,
          1,
          1,
          null,
          1,
          0,
          0,
          null,
          1,
          1,
          null,
          null,
          1,
          null,
          null,
          1,
          0,
          0,
          0,
          0,
          0,
          0,
          0,
          null,
          0,
          null,
          null
        ]
      },
      "/Users/harryg/Projects/Columbia/classes/ESaaS/ESaaS-Project-iter1-submission/app/controllers/application_controller.rb": {
        "lines": [
          1,
          1,
          null,
          1,
          8,
          1,
          null,
          null,
          null,
          1,
          2,
          2,
          2,
          null,
          null,
          1,
          2,
          null,
          null,
          1,
          1,
          1,
          null,
          null
        ]
      },
      "/Users/harryg/Projects/Columbia/classes/ESaaS/ESaaS-Project-iter1-submission/app/controllers/sessions_controller.rb": {
        "lines": [
          1,
          null,
          1,
          3,
          3,
          0,
          0,
          0,
          null,
          null,
          3,
          3,
          null,
          null,
          null,
          3,
          2,
          2,
          null,
          1,
          null,
          null,
          null,
          1,
          2,
          2,
          null,
          null,
          null,
          null,
          1,
          1,
          1,
          null,
          null,
          null
        ]
      },
      "/Users/harryg/Projects/Columbia/classes/ESaaS/ESaaS-Project-iter1-submission/app/models/message.rb": {
        "lines": [
          1,
          1,
          1,
          1,
          1,
          null,
          1,
          0,
          0,
          0,
          null,
          null,
          null
        ]
      },
      "/Users/harryg/Projects/Columbia/classes/ESaaS/ESaaS-Project-iter1-submission/app/models/application_record.rb": {
        "lines": [
          1,
          1,
          null
        ]
      },
      "/Users/harryg/Projects/Columbia/classes/ESaaS/ESaaS-Project-iter1-submission/app/models/participant.rb": {
        "lines": [
          1,
          1,
          1,
          null
        ]
      },
      "/Users/harryg/Projects/Columbia/classes/ESaaS/ESaaS-Project-iter1-submission/app/models/room.rb": {
        "lines": [
          1,
          1,
          1,
          1,
          1,
          3,
          null,
          1,
          2,
          null,
          null,
          1,
          0,
          0,
          0,
          null,
          0,
          null,
          null
        ]
      },
      "/Users/harryg/Projects/Columbia/classes/ESaaS/ESaaS-Project-iter1-submission/app/models/user.rb": {
        "lines": [
          1,
          1,
          1,
          1,
          1,
          7,
          null,
          null
        ]
      },
      "/Users/harryg/Projects/Columbia/classes/ESaaS/ESaaS-Project-iter1-submission/app/controllers/messages_controller.rb": {
        "lines": [
          0,
          0,
          0,
          0,
          0,
          null,
          0,
          null,
          0,
          0,
          0,
          0
        ],
        "branches": {
        }
      },
      "/Users/harryg/Projects/Columbia/classes/ESaaS/ESaaS-Project-iter1-submission/app/controllers/users_controller.rb": {
        "lines": [
          0,
          0,
          0,
          0,
          0,
          0,
          0,
          0,
          0,
          0,
          0,
          null,
          0,
          0,
          null,
          0,
          null,
          0,
          0,
          0,
          0,
          null,
          0,
          0,
          0,
          null,
          0,
          0,
          0,
          0,
          0,
          null,
          null,
          null,
          0
        ],
        "branches": {
        }
      }
    },
    "timestamp": 1637171388
  }
}
