{
  "Cucumber Features": {
    "coverage": {
      "/Users/Chinmay/Desktop/Columbia/Fall21/COMSW4995/Project/ESaaS-Project-iter1-submission/app/models/room.rb": {
        "lines": [
          1,
          1,
          72,
          1,
          1,
          1,
          null,
          73,
          null,
          null,
          null,
          null,
          null,
          null,
          null,
          null,
          null,
          1,
          0,
          0,
          0,
          null,
          null,
          null,
          1,
          44,
          44,
          44,
          44,
          44,
          44,
          44,
          null,
          null,
          null,
          1,
          9,
          9,
          18,
          null,
          9,
          null,
          null
        ]
      },
      "/Users/Chinmay/Desktop/Columbia/Fall21/COMSW4995/Project/ESaaS-Project-iter1-submission/app/models/application_record.rb": {
        "lines": [
          1,
          1,
          null
        ]
      },
      "/Users/Chinmay/Desktop/Columbia/Fall21/COMSW4995/Project/ESaaS-Project-iter1-submission/app/controllers/application_controller.rb": {
        "lines": [
          1,
          1,
          null,
          1,
          652,
          576,
          null,
          null,
          null,
          1,
          45,
          45,
          45,
          44,
          44,
          44,
          null,
          1,
          1,
          null,
          null,
          null,
          1,
          0,
          null,
          null,
          1,
          0,
          0,
          null,
          null
        ]
      },
      "/Users/Chinmay/Desktop/Columbia/Fall21/COMSW4995/Project/ESaaS-Project-iter1-submission/app/helpers/application_helper.rb": {
        "lines": [
          1,
          null
        ]
      },
      "/Users/Chinmay/Desktop/Columbia/Fall21/COMSW4995/Project/ESaaS-Project-iter1-submission/app/helpers/rooms_helper.rb": {
        "lines": [
          1,
          null
        ]
      },
      "/Users/Chinmay/Desktop/Columbia/Fall21/COMSW4995/Project/ESaaS-Project-iter1-submission/app/models/user.rb": {
        "lines": [
          1,
          1,
          1,
          1,
          1,
          1,
          143,
          1,
          1,
          null,
          1,
          91,
          null,
          1,
          0,
          0,
          0,
          null,
          null,
          1,
          1,
          90,
          90,
          null,
          null,
          null,
          null
        ]
      },
      "/Users/Chinmay/Desktop/Columbia/Fall21/COMSW4995/Project/ESaaS-Project-iter1-submission/app/controllers/sessions_controller.rb": {
        "lines": [
          1,
          null,
          1,
          47,
          47,
          47,
          46,
          0,
          0,
          0,
          null,
          46,
          46,
          null,
          46,
          46,
          null,
          null,
          46,
          45,
          null,
          1,
          1,
          null,
          null,
          1,
          1,
          null,
          null,
          null,
          null,
          null,
          null,
          1,
          0,
          0,
          null,
          null,
          null,
          1,
          11,
          11,
          null,
          null,
          null
        ]
      },
      "/Users/Chinmay/Desktop/Columbia/Fall21/COMSW4995/Project/ESaaS-Project-iter1-submission/app/controllers/rooms_controller.rb": {
        "lines": [
          1,
          1,
          59,
          59,
          null,
          59,
          59,
          59,
          59,
          59,
          267,
          267,
          267,
          267,
          267,
          null,
          267,
          4,
          null,
          null,
          null,
          59,
          null,
          null,
          null,
          null,
          null,
          59,
          59,
          59,
          59,
          59,
          null,
          59,
          null,
          null,
          null,
          1,
          3,
          3,
          null,
          3,
          3,
          null,
          null,
          3,
          2,
          null,
          1,
          1,
          1,
          1,
          1,
          1,
          null,
          1,
          null,
          null,
          null,
          3,
          3,
          null,
          null,
          1,
          null,
          1,
          267,
          267,
          267,
          null,
          null,
          null,
          1,
          null,
          10,
          10,
          10,
          10,
          null,
          10,
          null,
          null,
          null
        ]
      },
      "/Users/Chinmay/Desktop/Columbia/Fall21/COMSW4995/Project/ESaaS-Project-iter1-submission/app/models/course.rb": {
        "lines": [
          1,
          null,
          1,
          1,
          null,
          1,
          1,
          1,
          null,
          null,
          null,
          null,
          null,
          null,
          null
        ]
      },
      "/Users/Chinmay/Desktop/Columbia/Fall21/COMSW4995/Project/ESaaS-Project-iter1-submission/app/models/participant.rb": {
        "lines": [
          1,
          1,
          1,
          null
        ]
      },
      "/Users/Chinmay/Desktop/Columbia/Fall21/COMSW4995/Project/ESaaS-Project-iter1-submission/app/models/message.rb": {
        "lines": [
          1,
          1,
          1,
          6,
          1,
          null,
          1,
          5,
          3,
          3,
          null,
          null,
          null
        ]
      },
      "/Users/Chinmay/Desktop/Columbia/Fall21/COMSW4995/Project/ESaaS-Project-iter1-submission/app/controllers/messages_controller.rb": {
        "lines": [
          1,
          1,
          5,
          5,
          null,
          null,
          1,
          null,
          1,
          5,
          null,
          null
        ]
      },
      "/Users/Chinmay/Desktop/Columbia/Fall21/COMSW4995/Project/ESaaS-Project-iter1-submission/app/controllers/users_controller.rb": {
        "lines": [
          1,
          null,
          1,
          12,
          12,
          12,
          12,
          12,
          12,
          12,
          60,
          60,
          60,
          60,
          60,
          null,
          60,
          0,
          null,
          null,
          12,
          12,
          12,
          12,
          12,
          12,
          12,
          12,
          12,
          12,
          null,
          null,
          null,
          12,
          null,
          null,
          1,
          60,
          60,
          null,
          60,
          null,
          null,
          null,
          null,
          null,
          1,
          null,
          6,
          6,
          2,
          2,
          2,
          2,
          4,
          1,
          1,
          3,
          1,
          1,
          2,
          1,
          1,
          null,
          1,
          1,
          null,
          null,
          null,
          1,
          6,
          null,
          null,
          1,
          0,
          0,
          0,
          0,
          null,
          0,
          null,
          0,
          0,
          null,
          null,
          null,
          1,
          1,
          12,
          12,
          null,
          null,
          null
        ]
      }
    },
    "timestamp": 1639736985
  },
  "RSpec": {
    "coverage": {
      "/Users/Chinmay/Desktop/Columbia/Fall21/COMSW4995/Project/ESaaS-Project-iter1-submission/app/helpers/application_helper.rb": {
        "lines": [
          1,
          null
        ]
      },
      "/Users/Chinmay/Desktop/Columbia/Fall21/COMSW4995/Project/ESaaS-Project-iter1-submission/app/helpers/rooms_helper.rb": {
        "lines": [
          1,
          null
        ]
      },
      "/Users/Chinmay/Desktop/Columbia/Fall21/COMSW4995/Project/ESaaS-Project-iter1-submission/app/controllers/messages_controller.rb": {
        "lines": [
          1,
          1,
          0,
          0,
          null,
          null,
          1,
          null,
          1,
          0,
          null,
          null
        ]
      },
      "/Users/Chinmay/Desktop/Columbia/Fall21/COMSW4995/Project/ESaaS-Project-iter1-submission/app/controllers/application_controller.rb": {
        "lines": [
          1,
          1,
          null,
          1,
          4,
          1,
          null,
          null,
          null,
          1,
          3,
          3,
          3,
          3,
          3,
          3,
          null,
          0,
          0,
          null,
          null,
          null,
          1,
          2,
          null,
          null,
          1,
          1,
          1,
          null,
          null
        ]
      },
      "/Users/Chinmay/Desktop/Columbia/Fall21/COMSW4995/Project/ESaaS-Project-iter1-submission/app/controllers/rooms_controller.rb": {
        "lines": [
          1,
          1,
          0,
          0,
          null,
          0,
          0,
          0,
          0,
          0,
          0,
          0,
          0,
          0,
          0,
          null,
          0,
          0,
          null,
          null,
          null,
          0,
          null,
          null,
          null,
          null,
          null,
          0,
          0,
          0,
          0,
          0,
          null,
          0,
          null,
          null,
          null,
          1,
          0,
          0,
          null,
          0,
          0,
          null,
          null,
          0,
          0,
          null,
          0,
          0,
          0,
          0,
          0,
          0,
          null,
          0,
          null,
          null,
          null,
          0,
          0,
          null,
          null,
          1,
          null,
          1,
          0,
          0,
          0,
          null,
          null,
          null,
          1,
          null,
          0,
          0,
          0,
          0,
          null,
          0,
          null,
          null,
          null
        ]
      },
      "/Users/Chinmay/Desktop/Columbia/Fall21/COMSW4995/Project/ESaaS-Project-iter1-submission/app/controllers/sessions_controller.rb": {
        "lines": [
          1,
          null,
          1,
          6,
          6,
          6,
          5,
          1,
          1,
          1,
          null,
          4,
          4,
          null,
          5,
          5,
          null,
          null,
          5,
          3,
          null,
          2,
          2,
          null,
          null,
          1,
          1,
          null,
          null,
          null,
          null,
          null,
          null,
          1,
          2,
          2,
          null,
          null,
          null,
          1,
          1,
          1,
          null,
          null,
          null
        ]
      },
      "/Users/Chinmay/Desktop/Columbia/Fall21/COMSW4995/Project/ESaaS-Project-iter1-submission/app/controllers/users_controller.rb": {
        "lines": [
          1,
          null,
          1,
          0,
          0,
          0,
          0,
          0,
          0,
          0,
          0,
          0,
          0,
          0,
          0,
          null,
          0,
          0,
          null,
          null,
          0,
          0,
          0,
          0,
          0,
          0,
          0,
          0,
          0,
          0,
          null,
          null,
          null,
          0,
          null,
          null,
          1,
          0,
          0,
          null,
          0,
          null,
          null,
          null,
          null,
          null,
          1,
          null,
          5,
          5,
          1,
          1,
          1,
          1,
          4,
          1,
          1,
          3,
          1,
          1,
          2,
          1,
          1,
          null,
          1,
          1,
          null,
          null,
          null,
          1,
          5,
          null,
          null,
          1,
          0,
          0,
          0,
          0,
          null,
          0,
          null,
          0,
          0,
          null,
          null,
          null,
          1,
          1,
          0,
          0,
          null,
          null,
          null
        ]
      },
      "/Users/Chinmay/Desktop/Columbia/Fall21/COMSW4995/Project/ESaaS-Project-iter1-submission/app/models/message.rb": {
        "lines": [
          1,
          1,
          1,
          1,
          1,
          null,
          1,
          0,
          0,
          0,
          null,
          null,
          null
        ]
      },
      "/Users/Chinmay/Desktop/Columbia/Fall21/COMSW4995/Project/ESaaS-Project-iter1-submission/app/models/application_record.rb": {
        "lines": [
          1,
          1,
          null
        ]
      },
      "/Users/Chinmay/Desktop/Columbia/Fall21/COMSW4995/Project/ESaaS-Project-iter1-submission/app/models/participant.rb": {
        "lines": [
          1,
          1,
          1,
          null
        ]
      },
      "/Users/Chinmay/Desktop/Columbia/Fall21/COMSW4995/Project/ESaaS-Project-iter1-submission/app/models/room.rb": {
        "lines": [
          1,
          1,
          1,
          1,
          1,
          1,
          null,
          7,
          null,
          null,
          null,
          null,
          null,
          null,
          null,
          null,
          null,
          1,
          4,
          4,
          4,
          null,
          null,
          null,
          1,
          0,
          0,
          0,
          0,
          0,
          0,
          0,
          null,
          null,
          null,
          1,
          0,
          0,
          0,
          null,
          0,
          null,
          null
        ]
      },
      "/Users/Chinmay/Desktop/Columbia/Fall21/COMSW4995/Project/ESaaS-Project-iter1-submission/app/models/user.rb": {
        "lines": [
          1,
          1,
          1,
          1,
          1,
          1,
          1,
          1,
          1,
          null,
          1,
          25,
          null,
          1,
          0,
          0,
          0,
          null,
          null,
          1,
          1,
          24,
          18,
          null,
          null,
          null,
          null
        ]
      },
      "/Users/Chinmay/Desktop/Columbia/Fall21/COMSW4995/Project/ESaaS-Project-iter1-submission/app/models/course.rb": {
        "lines": [
          0,
          null,
          0,
          0,
          null,
          0,
          0,
          0,
          null,
          null,
          null,
          null,
          null,
          0,
          0
        ],
        "branches": {
        }
      }
    },
    "timestamp": 1639736990
  }
}
